build/app/intermediates/manifest_merge_blame_file/debug/manifest-merger-blame-debug-report.txt
1<?xml version="1.0" encoding="utf-8"?>
2<manifest xmlns:android="http://schemas.android.com/apk/res/android"
3    package="com.example.flutter_application_1"
4    android:versionCode="1"
5    android:versionName="1.0.0" >
6
7    <uses-sdk
8        android:minSdkVersion="21"
9        android:targetSdkVersion="33" />
10    <!--
11         The INTERNET permission is required for development. Specifically,
12         the Flutter tool needs it to communicate with the running application
13         to allow setting breakpoints, to provide hot reload, etc.
14    -->
15    <uses-permission android:name="android.permission.INTERNET" />
15-->src\main\AndroidManifest.xml:2:5-66
15-->src\main\AndroidManifest.xml:2:22-64
16    <uses-permission android:name="android.permission.BLUETOOTH" />
16-->src\main\AndroidManifest.xml:3:5-67
16-->src\main\AndroidManifest.xml:3:22-65
17    <uses-permission android:name="android.permission.ACCESS_WIFI_STATE" />
17-->src\main\AndroidManifest.xml:4:5-75
17-->src\main\AndroidManifest.xml:4:22-73
18    <uses-permission android:name="android.permission.USE_FINGERPRINT" />
18-->src\main\AndroidManifest.xml:5:5-73
18-->src\main\AndroidManifest.xml:5:22-71
19    <uses-permission android:name="android.permission.ACCESS_NETWORK_STATE" />
19-->src\main\AndroidManifest.xml:6:5-78
19-->src\main\AndroidManifest.xml:6:22-76
20    <uses-permission android:name="android.permission.GET_ACCOUNTS" />
20-->src\main\AndroidManifest.xml:7:5-70
20-->src\main\AndroidManifest.xml:7:22-68
21    <uses-permission android:name="android.permission.QUERY_ALL_PACKAGES" />
21-->src\main\AndroidManifest.xml:8:5-76
21-->src\main\AndroidManifest.xml:8:22-74
22    <uses-permission android:name="android.permission.READ_CALENDAR" />
22-->src\main\AndroidManifest.xml:9:5-71
22-->src\main\AndroidManifest.xml:9:22-69
23    <uses-permission android:name="android.permission.READ_CONTACTS" />
23-->src\main\AndroidManifest.xml:10:5-71
23-->src\main\AndroidManifest.xml:10:22-69
24    <uses-permission android:name="android.permission.READ_EXTERNAL_STORAGE" />
24-->src\main\AndroidManifest.xml:11:5-79
24-->src\main\AndroidManifest.xml:11:22-77
25    <uses-permission android:name="android.permission.READ_MEDIA_AUDIO" />
25-->src\main\AndroidManifest.xml:12:5-74
25-->src\main\AndroidManifest.xml:12:22-72
26    <uses-permission android:name="android.permission.READ_MEDIA_IMAGES" />
26-->src\main\AndroidManifest.xml:13:5-75
26-->src\main\AndroidManifest.xml:13:22-73
27    <uses-permission android:name="android.permission.READ_MEDIA_VIDEO" />
27-->src\main\AndroidManifest.xml:14:5-74
27-->src\main\AndroidManifest.xml:14:22-72
28    <uses-permission android:name="android.permission.READ_SMS" />
28-->src\main\AndroidManifest.xml:15:5-66
28-->src\main\AndroidManifest.xml:15:22-64
29    <uses-permission android:name="android.permission.REORDER_TASKS" />
29-->[androidx.test:core:1.5.0] AndroidManifest.xml:24:5-72
29-->[androidx.test:core:1.5.0] AndroidManifest.xml:24:22-69
30
31    <application
32        android:name="android.app.Application"
33        android:appComponentFactory="androidx.core.app.CoreComponentFactory"
33-->[androidx.core:core:1.6.0] AndroidManifest.xml:24:18-86
34        android:debuggable="true"
35        android:icon="@mipmap/ic_launcher"
36        android:label="flutter_application_1" >
37        <activity
38            android:name="com.example.flutter_application_1.MainActivity"
39            android:configChanges="orientation|keyboardHidden|keyboard|screenSize|smallestScreenSize|locale|layoutDirection|fontScale|screenLayout|density|uiMode"
40            android:exported="true"
41            android:hardwareAccelerated="true"
42            android:launchMode="singleTop"
43            android:theme="@style/LaunchTheme"
44            android:windowSoftInputMode="adjustResize" >
45
46            <!--
47                 Specifies an Android theme to apply to this Activity as soon as
48                 the Android process has started. This theme is visible to the user
49                 while the Flutter UI initializes. After that, this theme continues
50                 to determine the Window background behind the Flutter UI.
51            -->
52            <meta-data
53                android:name="io.flutter.embedding.android.NormalTheme"
54                android:resource="@style/NormalTheme" />
55
56            <intent-filter>
57                <action android:name="android.intent.action.MAIN" />
58
59                <category android:name="android.intent.category.LAUNCHER" />
59-->[androidx.test:core:1.5.0] AndroidManifest.xml:32:17-77
59-->[androidx.test:core:1.5.0] AndroidManifest.xml:32:27-74
60            </intent-filter>
61        </activity>
62        <!--
63             Don't delete the meta-data below.
64             This is used by the Flutter tool to generate GeneratedPluginRegistrant.java
65        -->
66        <meta-data
67            android:name="flutterEmbedding"
68            android:value="2" />
69
70        <uses-library
70-->[androidx.window:window:1.0.0-beta04] AndroidManifest.xml:25:9-27:40
71            android:name="androidx.window.extensions"
71-->[androidx.window:window:1.0.0-beta04] AndroidManifest.xml:26:13-54
72            android:required="false" />
72-->[androidx.window:window:1.0.0-beta04] AndroidManifest.xml:27:13-37
73        <uses-library
73-->[androidx.window:window:1.0.0-beta04] AndroidManifest.xml:28:9-30:40
74            android:name="androidx.window.sidecar"
74-->[androidx.window:window:1.0.0-beta04] AndroidManifest.xml:29:13-51
75            android:required="false" />
75-->[androidx.window:window:1.0.0-beta04] AndroidManifest.xml:30:13-37
76
77        <provider
77-->[com.credolab:modular.behavioral:4.0.0] AndroidManifest.xml:10:9-13:40
78            android:name="credoapp.module.behavioral.BehavioralProvider"
78-->[com.credolab:modular.behavioral:4.0.0] AndroidManifest.xml:11:13-73
79            android:authorities="com.example.flutter_application_1.credoapp.behavioral.provider"
79-->[com.credolab:modular.behavioral:4.0.0] AndroidManifest.xml:12:13-80
80            android:exported="false" />
80-->[com.credolab:modular.behavioral:4.0.0] AndroidManifest.xml:13:13-37
81
82        <activity
82-->[androidx.test:core:1.5.0] AndroidManifest.xml:27:9-34:20
83            android:name="androidx.test.core.app.InstrumentationActivityInvoker$BootstrapActivity"
83-->[androidx.test:core:1.5.0] AndroidManifest.xml:28:13-99
84            android:exported="true"
84-->[androidx.test:core:1.5.0] AndroidManifest.xml:29:13-36
85            android:theme="@style/WhiteBackgroundTheme" >
85-->[androidx.test:core:1.5.0] AndroidManifest.xml:30:13-56
86            <intent-filter android:priority="-100" >
86-->[androidx.test:core:1.5.0] AndroidManifest.xml:31:13-33:29
86-->[androidx.test:core:1.5.0] AndroidManifest.xml:31:28-51
87                <category android:name="android.intent.category.LAUNCHER" />
87-->[androidx.test:core:1.5.0] AndroidManifest.xml:32:17-77
87-->[androidx.test:core:1.5.0] AndroidManifest.xml:32:27-74
88            </intent-filter>
89        </activity>
90        <activity
90-->[androidx.test:core:1.5.0] AndroidManifest.xml:35:9-42:20
91            android:name="androidx.test.core.app.InstrumentationActivityInvoker$EmptyActivity"
91-->[androidx.test:core:1.5.0] AndroidManifest.xml:36:13-95
92            android:exported="true"
92-->[androidx.test:core:1.5.0] AndroidManifest.xml:37:13-36
93            android:theme="@style/WhiteBackgroundTheme" >
93-->[androidx.test:core:1.5.0] AndroidManifest.xml:38:13-56
94            <intent-filter android:priority="-100" >
94-->[androidx.test:core:1.5.0] AndroidManifest.xml:31:13-33:29
94-->[androidx.test:core:1.5.0] AndroidManifest.xml:31:28-51
95                <category android:name="android.intent.category.LAUNCHER" />
95-->[androidx.test:core:1.5.0] AndroidManifest.xml:32:17-77
95-->[androidx.test:core:1.5.0] AndroidManifest.xml:32:27-74
96            </intent-filter>
97        </activity>
98        <activity
98-->[androidx.test:core:1.5.0] AndroidManifest.xml:43:9-50:20
99            android:name="androidx.test.core.app.InstrumentationActivityInvoker$EmptyFloatingActivity"
99-->[androidx.test:core:1.5.0] AndroidManifest.xml:44:13-103
100            android:exported="true"
100-->[androidx.test:core:1.5.0] AndroidManifest.xml:45:13-36
101            android:theme="@style/WhiteBackgroundDialogTheme" >
101-->[androidx.test:core:1.5.0] AndroidManifest.xml:46:13-62
102            <intent-filter android:priority="-100" >
102-->[androidx.test:core:1.5.0] AndroidManifest.xml:31:13-33:29
102-->[androidx.test:core:1.5.0] AndroidManifest.xml:31:28-51
103                <category android:name="android.intent.category.LAUNCHER" />
103-->[androidx.test:core:1.5.0] AndroidManifest.xml:32:17-77
103-->[androidx.test:core:1.5.0] AndroidManifest.xml:32:27-74
104            </intent-filter>
105        </activity>
106    </application>
107
108</manifest>